<?xml version="1.0" encoding="UTF-8"?>
<!-- Generated by org.testng.reporters.JUnitReportReporter -->
<testsuite hostname="IN-8V872J3" failures="0" tests="3" name="runner.TestRunner" time="20.142" errors="0" timestamp="2024-10-05T00:01:22 IST" skipped="0">
  <testcase classname="runner.TestRunner" name="runScenario" time="5.763"/>
  <testcase classname="runner.TestRunner" name="runScenario" time="5.923"/>
  <testcase classname="runner.TestRunner" name="runScenario" time="8.456"/>
</testsuite> <!-- runner.TestRunner -->
