<?xml version="1.0" encoding="UTF-8"?>
<!-- Generated by org.testng.reporters.JUnitReportReporter -->
<testsuite hostname="IN-8V872J3" failures="0" tests="3" name="runner.TestRunner" time="18.144" errors="0" timestamp="2024-10-04T22:48:22 IST" skipped="0">
  <testcase classname="runner.TestRunner" name="runScenario" time="6.615"/>
  <testcase classname="runner.TestRunner" name="runScenario" time="5.784"/>
  <testcase classname="runner.TestRunner" name="runScenario" time="5.745"/>
</testsuite> <!-- runner.TestRunner -->
