<?xml version="1.0" encoding="UTF-8"?>
<!-- Generated by org.testng.reporters.JUnitReportReporter -->
<testsuite hostname="IN-8V872J3" failures="0" tests="3" name="runner.TestRunner" time="20.485" errors="0" timestamp="2024-10-05T02:26:46 IST" skipped="0">
  <testcase classname="runner.TestRunner" name="runScenario" time="5.722"/>
  <testcase classname="runner.TestRunner" name="runScenario" time="5.974"/>
  <testcase classname="runner.TestRunner" name="runScenario" time="8.789"/>
</testsuite> <!-- runner.TestRunner -->
